2024-07-31 14:25:38,058 - __main__ - INFO - Log directory: data/ckpt/BJ/STEGRN/30min/log
2024-07-31 14:25:38,071 - __main__ - INFO - {'expid': 1, 'runs': 2, 'dataset_name': 'all_data_r1_d1_w1_30min.npz', 'device': 'cuda:0', 'log_level': 'INFO', 'base_path': 'data/train_data/BJ', 'save': 'data/ckpt/BJ', 'model_name': 'STEGRN', 'data': {'cluster_num': 64, 'freq': '30min', 'name': 'bj_bike', 'num_for_predict': 6, 'num_for_target': 2, 'num_of_days': 1, 'num_of_hours': 1, 'num_of_weeks': 1, 'num_shift': 2, 'points_per_hour': 2, 'test_batch_size': 64, 'train_batch_size': 64, 'val_batch_size': 64}, 'model': {'adj': 'affinity', 'alpha': 1, 'dropout_prob': 0.0, 'dropout_type': 'zoneout', 'dyn_norm': 'D-1', 'fusion_mode': 'split', 'gcn_depth': 2, 'graph_type': 'geo_od_dyn', 'hidden_dim': 64, 'input_dim': 2, 'loss_type': 'Smooth', 'num_of_head': 1, 'output_dim': 2, 'time_dim': 59, 'use_transform': True}, 'preprocess': {'OD_affinity_file': 'OD_affinity.npy', 'datasets_file': 'all_data', 'geo_affinity_file': 'geo_affinity.npy', 'nyc_holidays': ['2021-05-01', '2021-05-02', '2021-05-03', '2021-05-04', '2021-06-03', '2021-06-04', '2021-06-05']}, 'train': {'base_lr': 0.001, 'best_mode': 'data/ckpt/BJ/BJ-model.pth', 'test_only': True, 'cl_decay_steps': 1000, 'epoch_start': 0, 'epochs': 200, 'global_step': 0, 'load_initial': False, 'lr_decay_ratio': 0.2, 'max_grad_norm': 5, 'milestones': [60, 120, 180, 200], 'min_learning_rate': 2e-06, 'new_training': True, 'print_every': 1, 'tolerance': 100, 'use_curriculum_learning': True, 'weight_decay': 0.0001}}
2024-07-31 14:25:38,071 - __main__ - INFO - data/train_data/BJ/all_data_r1_d1_w1_30min.npz
2024-07-31 14:25:38,072 - __main__ - INFO - data/ckpt/BJ/STEGRN/30min/log
2024-07-31 14:25:38,623 - __main__ - INFO - ('train x', (4362, 64, 18, 2))
2024-07-31 14:25:38,623 - __main__ - INFO - ('train target', (4362, 64, 2, 2))
2024-07-31 14:25:38,623 - __main__ - INFO - ('train x time', (4362, 18, 6))
2024-07-31 14:25:38,624 - __main__ - INFO - ('train target time', (4362, 2, 6))
2024-07-31 14:25:38,624 - __main__ - INFO - ('train pos', (4362, 4))
2024-07-31 14:25:38,624 - __main__ - INFO - 

2024-07-31 14:25:38,624 - __main__ - INFO - ('val x', (545, 64, 18, 2))
2024-07-31 14:25:38,624 - __main__ - INFO - ('val target', (545, 64, 2, 2))
2024-07-31 14:25:38,624 - __main__ - INFO - ('val x time', (545, 18, 6))
2024-07-31 14:25:38,625 - __main__ - INFO - ('val target time', (545, 2, 6))
2024-07-31 14:25:38,625 - __main__ - INFO - ('val pos', (545, 4))
2024-07-31 14:25:38,625 - __main__ - INFO - 

2024-07-31 14:25:38,625 - __main__ - INFO - ('test x', (545, 64, 18, 2))
2024-07-31 14:25:38,625 - __main__ - INFO - ('test target', (545, 64, 2, 2))
2024-07-31 14:25:38,626 - __main__ - INFO - ('test x time', (545, 18, 6))
2024-07-31 14:25:38,626 - __main__ - INFO - ('test target time', (545, 2, 6))
2024-07-31 14:25:38,626 - __main__ - INFO - ('test pos', (545, 4))
2024-07-31 14:25:38,626 - __main__ - INFO - 

2024-07-31 14:25:38,626 - __main__ - INFO - scaler.mean : 90.54989856764863, scaler.std : 143.57267603277353
2024-07-31 14:25:38,626 - __main__ - INFO - 

2024-07-31 14:25:38,627 - __main__ - INFO - time feature index : {'time': (0, 3), 'weather_numerical': (3, 6)}
2024-07-31 14:25:38,628 - __main__ - INFO - time weather data : [[Timestamp('2021-05-01 00:00:00') 5 0 ... -0.13878310472443348
  -3.3157922872053995 -0.7646244036924886]
 [Timestamp('2021-05-01 00:30:00') 5 1 ... -0.13878310472443348
  -3.41756948903783 -0.7646244036924886]
 [Timestamp('2021-05-01 01:00:00') 5 2 ... -0.13878310472443348
  -3.5193466908702606 -0.35891374678582444]
 ...
 [Timestamp('2021-08-31 22:30:00') 1 45 ... -0.13878310472443348
  -0.3133648331486997 -1.9817563744124813]
 [Timestamp('2021-08-31 23:00:00') 1 46 ... -0.13878310472443348
  -0.7713622413946369 -1.9817563744124813]
 [Timestamp('2021-08-31 23:30:00') 1 47 ... -0.13878310472443348
  -0.8222508423108522 -1.9817563744124813]]
2024-07-31 14:25:38,646 - __main__ - INFO - STEGRN
2024-07-31 14:25:40,048 - __main__ - INFO - loading data/ckpt/BJ/BJ-model.pth
2024-07-31 14:25:40,078 - __main__ - INFO - model load success! data/ckpt/BJ/BJ-model.pth
2024-07-31 14:25:40,079 - __main__ - INFO - Net's state_dict:
2024-07-31 14:25:40,081 - __main__ - INFO - encoder.RNNCell.0.week_x_FC.weight	torch.Size([64, 2])
2024-07-31 14:25:40,083 - __main__ - INFO - encoder.RNNCell.0.week_x_FC.bias	torch.Size([64])
2024-07-31 14:25:40,085 - __main__ - INFO - encoder.RNNCell.0.week_time_FC.weight	torch.Size([64, 59])
2024-07-31 14:25:40,088 - __main__ - INFO - encoder.RNNCell.0.week_time_FC.bias	torch.Size([64])
2024-07-31 14:25:40,089 - __main__ - INFO - encoder.RNNCell.0.week_FC.weight	torch.Size([64, 128])
2024-07-31 14:25:40,092 - __main__ - INFO - encoder.RNNCell.0.week_FC.bias	torch.Size([64])
2024-07-31 14:25:40,094 - __main__ - INFO - encoder.RNNCell.0.day_x_FC.weight	torch.Size([64, 2])
2024-07-31 14:25:40,096 - __main__ - INFO - encoder.RNNCell.0.day_x_FC.bias	torch.Size([64])
2024-07-31 14:25:40,098 - __main__ - INFO - encoder.RNNCell.0.day_time_FC.weight	torch.Size([64, 59])
2024-07-31 14:25:40,100 - __main__ - INFO - encoder.RNNCell.0.day_time_FC.bias	torch.Size([64])
2024-07-31 14:25:40,102 - __main__ - INFO - encoder.RNNCell.0.day_FC.weight	torch.Size([64, 128])
2024-07-31 14:25:40,104 - __main__ - INFO - encoder.RNNCell.0.day_FC.bias	torch.Size([64])
2024-07-31 14:25:40,106 - __main__ - INFO - encoder.RNNCell.0.hour_x_FC.weight	torch.Size([64, 2])
2024-07-31 14:25:40,108 - __main__ - INFO - encoder.RNNCell.0.hour_x_FC.bias	torch.Size([64])
2024-07-31 14:25:40,110 - __main__ - INFO - encoder.RNNCell.0.hour_time_FC.weight	torch.Size([64, 59])
2024-07-31 14:25:40,112 - __main__ - INFO - encoder.RNNCell.0.hour_time_FC.bias	torch.Size([64])
2024-07-31 14:25:40,114 - __main__ - INFO - encoder.RNNCell.0.hour_FC.weight	torch.Size([64, 128])
2024-07-31 14:25:40,116 - __main__ - INFO - encoder.RNNCell.0.hour_FC.bias	torch.Size([64])
2024-07-31 14:25:40,118 - __main__ - INFO - encoder.RNNCell.0.fusion_x_time2.weight	torch.Size([64, 192])
2024-07-31 14:25:40,120 - __main__ - INFO - encoder.RNNCell.0.fusion_x_time2.bias	torch.Size([64])
2024-07-31 14:25:40,122 - __main__ - INFO - encoder.RNNCell.0.gate_FC2.weight	torch.Size([64, 64])
2024-07-31 14:25:40,124 - __main__ - INFO - encoder.RNNCell.0.gate_FC2.bias	torch.Size([64])
2024-07-31 14:25:40,126 - __main__ - INFO - encoder.RNNCell.0.info_FC2.weight	torch.Size([64, 64])
2024-07-31 14:25:40,128 - __main__ - INFO - encoder.RNNCell.0.info_FC2.bias	torch.Size([64])
2024-07-31 14:25:40,130 - __main__ - INFO - encoder.RNNCell.0.dynGraph.start_FC.weight	torch.Size([64, 128])
2024-07-31 14:25:40,132 - __main__ - INFO - encoder.RNNCell.0.dynGraph.start_FC.bias	torch.Size([64])
2024-07-31 14:25:40,134 - __main__ - INFO - encoder.RNNCell.0.dynGraph.fc.0.weight	torch.Size([4, 64])
2024-07-31 14:25:40,136 - __main__ - INFO - encoder.RNNCell.0.dynGraph.fc.2.weight	torch.Size([64, 4])
2024-07-31 14:25:40,138 - __main__ - INFO - encoder.RNNCell.0.GCN_update1.weight	torch.Size([4])
2024-07-31 14:25:40,140 - __main__ - INFO - encoder.RNNCell.0.GCN_update1.mlp.mlp.weight	torch.Size([64, 384])
2024-07-31 14:25:40,142 - __main__ - INFO - encoder.RNNCell.0.GCN_update1.mlp.mlp.bias	torch.Size([64])
2024-07-31 14:25:40,144 - __main__ - INFO - encoder.RNNCell.0.GCN_update2.weight	torch.Size([4])
2024-07-31 14:25:40,146 - __main__ - INFO - encoder.RNNCell.0.GCN_update2.mlp.mlp.weight	torch.Size([64, 384])
2024-07-31 14:25:40,148 - __main__ - INFO - encoder.RNNCell.0.GCN_update2.mlp.mlp.bias	torch.Size([64])
2024-07-31 14:25:40,150 - __main__ - INFO - encoder.RNNCell.0.GCN_reset1.weight	torch.Size([4])
2024-07-31 14:25:40,152 - __main__ - INFO - encoder.RNNCell.0.GCN_reset1.mlp.mlp.weight	torch.Size([64, 384])
2024-07-31 14:25:40,154 - __main__ - INFO - encoder.RNNCell.0.GCN_reset1.mlp.mlp.bias	torch.Size([64])
2024-07-31 14:25:40,156 - __main__ - INFO - encoder.RNNCell.0.GCN_reset2.weight	torch.Size([4])
2024-07-31 14:25:40,158 - __main__ - INFO - encoder.RNNCell.0.GCN_reset2.mlp.mlp.weight	torch.Size([64, 384])
2024-07-31 14:25:40,160 - __main__ - INFO - encoder.RNNCell.0.GCN_reset2.mlp.mlp.bias	torch.Size([64])
2024-07-31 14:25:40,162 - __main__ - INFO - encoder.RNNCell.0.GCN_cell1.weight	torch.Size([4])
2024-07-31 14:25:40,165 - __main__ - INFO - encoder.RNNCell.0.GCN_cell1.mlp.mlp.weight	torch.Size([64, 384])
2024-07-31 14:25:40,167 - __main__ - INFO - encoder.RNNCell.0.GCN_cell1.mlp.mlp.bias	torch.Size([64])
2024-07-31 14:25:40,169 - __main__ - INFO - encoder.RNNCell.0.GCN_cell2.weight	torch.Size([4])
2024-07-31 14:25:40,171 - __main__ - INFO - encoder.RNNCell.0.GCN_cell2.mlp.mlp.weight	torch.Size([64, 384])
2024-07-31 14:25:40,173 - __main__ - INFO - encoder.RNNCell.0.GCN_cell2.mlp.mlp.bias	torch.Size([64])
2024-07-31 14:25:40,175 - __main__ - INFO - encoder.RNNCell.0.layerNorm.weight	torch.Size([64])
2024-07-31 14:25:40,177 - __main__ - INFO - encoder.RNNCell.0.layerNorm.bias	torch.Size([64])
2024-07-31 14:25:40,179 - __main__ - INFO - decoder.RNNCell.0.input_FC.weight	torch.Size([64, 61])
2024-07-31 14:25:40,181 - __main__ - INFO - decoder.RNNCell.0.input_FC.bias	torch.Size([64])
2024-07-31 14:25:40,183 - __main__ - INFO - decoder.RNNCell.0.fusion_x_time.weight	torch.Size([64, 64])
2024-07-31 14:25:40,185 - __main__ - INFO - decoder.RNNCell.0.fusion_x_time.bias	torch.Size([64])
2024-07-31 14:25:40,187 - __main__ - INFO - decoder.RNNCell.0.gate_FC1.weight	torch.Size([64, 64])
2024-07-31 14:25:40,189 - __main__ - INFO - decoder.RNNCell.0.gate_FC1.bias	torch.Size([64])
2024-07-31 14:25:40,192 - __main__ - INFO - decoder.RNNCell.0.info_FC1.weight	torch.Size([64, 64])
2024-07-31 14:25:40,194 - __main__ - INFO - decoder.RNNCell.0.info_FC1.bias	torch.Size([64])
2024-07-31 14:25:40,196 - __main__ - INFO - decoder.RNNCell.0.dynGraph.start_FC.weight	torch.Size([64, 128])
2024-07-31 14:25:40,198 - __main__ - INFO - decoder.RNNCell.0.dynGraph.start_FC.bias	torch.Size([64])
2024-07-31 14:25:40,201 - __main__ - INFO - decoder.RNNCell.0.dynGraph.fc.0.weight	torch.Size([4, 64])
2024-07-31 14:25:40,204 - __main__ - INFO - decoder.RNNCell.0.dynGraph.fc.2.weight	torch.Size([64, 4])
2024-07-31 14:25:40,207 - __main__ - INFO - decoder.RNNCell.0.GCN_update1.weight	torch.Size([4])
2024-07-31 14:25:40,210 - __main__ - INFO - decoder.RNNCell.0.GCN_update1.mlp.mlp.weight	torch.Size([64, 384])
2024-07-31 14:25:40,213 - __main__ - INFO - decoder.RNNCell.0.GCN_update1.mlp.mlp.bias	torch.Size([64])
2024-07-31 14:25:40,216 - __main__ - INFO - decoder.RNNCell.0.GCN_update2.weight	torch.Size([4])
2024-07-31 14:25:40,220 - __main__ - INFO - decoder.RNNCell.0.GCN_update2.mlp.mlp.weight	torch.Size([64, 384])
2024-07-31 14:25:40,223 - __main__ - INFO - decoder.RNNCell.0.GCN_update2.mlp.mlp.bias	torch.Size([64])
2024-07-31 14:25:40,226 - __main__ - INFO - decoder.RNNCell.0.GCN_reset1.weight	torch.Size([4])
2024-07-31 14:25:40,230 - __main__ - INFO - decoder.RNNCell.0.GCN_reset1.mlp.mlp.weight	torch.Size([64, 384])
2024-07-31 14:25:40,233 - __main__ - INFO - decoder.RNNCell.0.GCN_reset1.mlp.mlp.bias	torch.Size([64])
2024-07-31 14:25:40,237 - __main__ - INFO - decoder.RNNCell.0.GCN_reset2.weight	torch.Size([4])
2024-07-31 14:25:40,251 - __main__ - INFO - decoder.RNNCell.0.GCN_reset2.mlp.mlp.weight	torch.Size([64, 384])
2024-07-31 14:25:40,255 - __main__ - INFO - decoder.RNNCell.0.GCN_reset2.mlp.mlp.bias	torch.Size([64])
2024-07-31 14:25:40,259 - __main__ - INFO - decoder.RNNCell.0.GCN_cell1.weight	torch.Size([4])
2024-07-31 14:25:40,264 - __main__ - INFO - decoder.RNNCell.0.GCN_cell1.mlp.mlp.weight	torch.Size([64, 384])
2024-07-31 14:25:40,268 - __main__ - INFO - decoder.RNNCell.0.GCN_cell1.mlp.mlp.bias	torch.Size([64])
2024-07-31 14:25:40,272 - __main__ - INFO - decoder.RNNCell.0.GCN_cell2.weight	torch.Size([4])
2024-07-31 14:25:40,276 - __main__ - INFO - decoder.RNNCell.0.GCN_cell2.mlp.mlp.weight	torch.Size([64, 384])
2024-07-31 14:25:40,279 - __main__ - INFO - decoder.RNNCell.0.GCN_cell2.mlp.mlp.bias	torch.Size([64])
2024-07-31 14:25:40,285 - __main__ - INFO - decoder.RNNCell.0.layerNorm.weight	torch.Size([64])
2024-07-31 14:25:40,289 - __main__ - INFO - decoder.RNNCell.0.layerNorm.bias	torch.Size([64])
2024-07-31 14:25:40,294 - __main__ - INFO - decoder.fc_final.weight	torch.Size([2, 64])
2024-07-31 14:25:40,297 - __main__ - INFO - decoder.fc_final.bias	torch.Size([2])
2024-07-31 14:25:40,308 - __main__ - INFO - transform.FC_q.weight	torch.Size([64, 59])
2024-07-31 14:25:40,310 - __main__ - INFO - transform.FC_q.bias	torch.Size([64])
2024-07-31 14:25:40,314 - __main__ - INFO - transform.FC_k.weight	torch.Size([64, 177])
2024-07-31 14:25:40,317 - __main__ - INFO - transform.FC_k.bias	torch.Size([64])
2024-07-31 14:25:40,321 - __main__ - INFO - transform.FC_v.weight	torch.Size([64, 64])
2024-07-31 14:25:40,324 - __main__ - INFO - transform.FC_v.bias	torch.Size([64])
2024-07-31 14:25:40,328 - __main__ - INFO - transform.FC.weight	torch.Size([64, 128])
2024-07-31 14:25:40,331 - __main__ - INFO - transform.FC.bias	torch.Size([64])
2024-07-31 14:25:40,334 - __main__ - INFO - Net's total params:415282
2024-07-31 14:25:40,334 - __main__ - INFO - Optimizer's state_dict:
2024-07-31 14:25:40,335 - __main__ - INFO - state	{}
2024-07-31 14:25:40,336 - __main__ - INFO - param_groups	[{'lr': 0.001, 'betas': (0.9, 0.999), 'eps': 1e-08, 'weight_decay': 0.0001, 'amsgrad': False, 'maximize': False, 'foreach': None, 'capturable': False, 'differentiable': False, 'fused': None, 'initial_lr': 0.001, 'params': [0, 1, 2, 3, 4, 5, 6, 7, 8, 9, 10, 11, 12, 13, 14, 15, 16, 17, 18, 19, 20, 21, 22, 23, 24, 25, 26, 27, 28, 29, 30, 31, 32, 33, 34, 35, 36, 37, 38, 39, 40, 41, 42, 43, 44, 45, 46, 47, 48, 49, 50, 51, 52, 53, 54, 55, 56, 57, 58, 59, 60, 61, 62, 63, 64, 65, 66, 67, 68, 69, 70, 71, 72, 73, 74, 75, 76, 77, 78, 79, 80, 81, 82, 83, 84, 85, 86, 87, 88, 89]}]
2024-07-31 14:25:40,339 - __main__ - INFO - Number of model parameters is 415282
2024-07-31 14:25:40,339 - __main__ - INFO - Start testing phase.....
