2024-08-01 13:49:11,959 - __main__ - INFO - Log directory: data/ckpt/BJ/STEGRN/30min/log
2024-08-01 13:49:11,971 - __main__ - INFO - {'expid': 1, 'runs': 2, 'dataset_name': 'all_data_r1_d1_w1_30min.npz', 'device': 'cuda:0', 'log_level': 'INFO', 'base_path': 'data/train_data/BJ', 'save': 'data/ckpt/BJ', 'model_name': 'STEGRN', 'data': {'cluster_num': 64, 'freq': '30min', 'name': 'bj_bike', 'num_for_predict': 6, 'num_for_target': 2, 'num_of_days': 1, 'num_of_hours': 1, 'num_of_weeks': 1, 'num_shift': 2, 'points_per_hour': 2, 'test_batch_size': 64, 'train_batch_size': 64, 'val_batch_size': 64}, 'model': {'adj': 'affinity', 'alpha': 1, 'dropout_prob': 0.0, 'dropout_type': 'zoneout', 'dyn_norm': 'D-1', 'fusion_mode': 'split', 'gcn_depth': 2, 'graph_type': 'geo_od_dyn', 'hidden_dim': 64, 'input_dim': 2, 'loss_type': 'Smooth', 'num_of_head': 1, 'output_dim': 2, 'time_dim': 59, 'use_transform': True}, 'preprocess': {'OD_affinity_file': 'OD_affinity.npy', 'datasets_file': 'all_data', 'geo_affinity_file': 'geo_affinity.npy', 'nyc_holidays': ['2021-05-01', '2021-05-02', '2021-05-03', '2021-05-04', '2021-06-03', '2021-06-04', '2021-06-05']}, 'train': {'base_lr': 0.001, 'best_mode': 'data/ckpt/BJ/BJ-model.pth', 'test_only': True, 'cl_decay_steps': 1000, 'epoch_start': 0, 'epochs': 200, 'global_step': 0, 'load_initial': False, 'lr_decay_ratio': 0.2, 'max_grad_norm': 5, 'milestones': [60, 120, 180, 200], 'min_learning_rate': 2e-06, 'new_training': True, 'print_every': 1, 'tolerance': 100, 'use_curriculum_learning': True, 'weight_decay': 0.0001}}
2024-08-01 13:49:11,971 - __main__ - INFO - data/train_data/BJ/all_data_r1_d1_w1_30min.npz
2024-08-01 13:49:11,971 - __main__ - INFO - data/ckpt/BJ/STEGRN/30min/log
2024-08-01 13:49:12,496 - __main__ - INFO - ('train x', (4362, 64, 18, 2))
2024-08-01 13:49:12,497 - __main__ - INFO - ('train target', (4362, 64, 2, 2))
2024-08-01 13:49:12,497 - __main__ - INFO - ('train x time', (4362, 18, 6))
2024-08-01 13:49:12,497 - __main__ - INFO - ('train target time', (4362, 2, 6))
2024-08-01 13:49:12,497 - __main__ - INFO - ('train pos', (4362, 4))
2024-08-01 13:49:12,497 - __main__ - INFO - 

2024-08-01 13:49:12,498 - __main__ - INFO - ('val x', (545, 64, 18, 2))
2024-08-01 13:49:12,498 - __main__ - INFO - ('val target', (545, 64, 2, 2))
2024-08-01 13:49:12,498 - __main__ - INFO - ('val x time', (545, 18, 6))
2024-08-01 13:49:12,498 - __main__ - INFO - ('val target time', (545, 2, 6))
2024-08-01 13:49:12,498 - __main__ - INFO - ('val pos', (545, 4))
2024-08-01 13:49:12,498 - __main__ - INFO - 

2024-08-01 13:49:12,498 - __main__ - INFO - ('test x', (545, 64, 18, 2))
2024-08-01 13:49:12,499 - __main__ - INFO - ('test target', (545, 64, 2, 2))
2024-08-01 13:49:12,499 - __main__ - INFO - ('test x time', (545, 18, 6))
2024-08-01 13:49:12,499 - __main__ - INFO - ('test target time', (545, 2, 6))
2024-08-01 13:49:12,501 - __main__ - INFO - ('test pos', (545, 4))
2024-08-01 13:49:12,501 - __main__ - INFO - 

2024-08-01 13:49:12,502 - __main__ - INFO - scaler.mean : 90.54989856764863, scaler.std : 143.57267603277353
2024-08-01 13:49:12,502 - __main__ - INFO - 

2024-08-01 13:49:12,502 - __main__ - INFO - time feature index : {'time': (0, 3), 'weather_numerical': (3, 6)}
2024-08-01 13:49:12,503 - __main__ - INFO - time weather data : [[Timestamp('2021-05-01 00:00:00') 5 0 ... -0.13878310472443348
  -3.3157922872053995 -0.7646244036924886]
 [Timestamp('2021-05-01 00:30:00') 5 1 ... -0.13878310472443348
  -3.41756948903783 -0.7646244036924886]
 [Timestamp('2021-05-01 01:00:00') 5 2 ... -0.13878310472443348
  -3.5193466908702606 -0.35891374678582444]
 ...
 [Timestamp('2021-08-31 22:30:00') 1 45 ... -0.13878310472443348
  -0.3133648331486997 -1.9817563744124813]
 [Timestamp('2021-08-31 23:00:00') 1 46 ... -0.13878310472443348
  -0.7713622413946369 -1.9817563744124813]
 [Timestamp('2021-08-31 23:30:00') 1 47 ... -0.13878310472443348
  -0.8222508423108522 -1.9817563744124813]]
2024-08-01 13:49:12,521 - __main__ - INFO - STEGRN
2024-08-01 13:49:13,842 - __main__ - INFO - loading data/ckpt/BJ/BJ-model.pth
2024-08-01 13:49:13,872 - __main__ - INFO - model load success! data/ckpt/BJ/BJ-model.pth
2024-08-01 13:49:13,872 - __main__ - INFO - Net's state_dict:
2024-08-01 13:49:13,874 - __main__ - INFO - encoder.RNNCell.0.week_x_FC.weight	torch.Size([64, 2])
2024-08-01 13:49:13,876 - __main__ - INFO - encoder.RNNCell.0.week_x_FC.bias	torch.Size([64])
2024-08-01 13:49:13,878 - __main__ - INFO - encoder.RNNCell.0.week_time_FC.weight	torch.Size([64, 59])
2024-08-01 13:49:13,880 - __main__ - INFO - encoder.RNNCell.0.week_time_FC.bias	torch.Size([64])
2024-08-01 13:49:13,882 - __main__ - INFO - encoder.RNNCell.0.week_FC.weight	torch.Size([64, 128])
2024-08-01 13:49:13,884 - __main__ - INFO - encoder.RNNCell.0.week_FC.bias	torch.Size([64])
2024-08-01 13:49:13,887 - __main__ - INFO - encoder.RNNCell.0.day_x_FC.weight	torch.Size([64, 2])
2024-08-01 13:49:13,888 - __main__ - INFO - encoder.RNNCell.0.day_x_FC.bias	torch.Size([64])
2024-08-01 13:49:13,890 - __main__ - INFO - encoder.RNNCell.0.day_time_FC.weight	torch.Size([64, 59])
2024-08-01 13:49:13,893 - __main__ - INFO - encoder.RNNCell.0.day_time_FC.bias	torch.Size([64])
2024-08-01 13:49:13,894 - __main__ - INFO - encoder.RNNCell.0.day_FC.weight	torch.Size([64, 128])
2024-08-01 13:49:13,896 - __main__ - INFO - encoder.RNNCell.0.day_FC.bias	torch.Size([64])
2024-08-01 13:49:13,898 - __main__ - INFO - encoder.RNNCell.0.hour_x_FC.weight	torch.Size([64, 2])
2024-08-01 13:49:13,900 - __main__ - INFO - encoder.RNNCell.0.hour_x_FC.bias	torch.Size([64])
2024-08-01 13:49:13,902 - __main__ - INFO - encoder.RNNCell.0.hour_time_FC.weight	torch.Size([64, 59])
2024-08-01 13:49:13,904 - __main__ - INFO - encoder.RNNCell.0.hour_time_FC.bias	torch.Size([64])
2024-08-01 13:49:13,906 - __main__ - INFO - encoder.RNNCell.0.hour_FC.weight	torch.Size([64, 128])
2024-08-01 13:49:13,908 - __main__ - INFO - encoder.RNNCell.0.hour_FC.bias	torch.Size([64])
2024-08-01 13:49:13,910 - __main__ - INFO - encoder.RNNCell.0.fusion_x_time2.weight	torch.Size([64, 192])
2024-08-01 13:49:13,912 - __main__ - INFO - encoder.RNNCell.0.fusion_x_time2.bias	torch.Size([64])
2024-08-01 13:49:13,914 - __main__ - INFO - encoder.RNNCell.0.gate_FC2.weight	torch.Size([64, 64])
2024-08-01 13:49:13,916 - __main__ - INFO - encoder.RNNCell.0.gate_FC2.bias	torch.Size([64])
2024-08-01 13:49:13,918 - __main__ - INFO - encoder.RNNCell.0.info_FC2.weight	torch.Size([64, 64])
2024-08-01 13:49:13,919 - __main__ - INFO - encoder.RNNCell.0.info_FC2.bias	torch.Size([64])
2024-08-01 13:49:13,922 - __main__ - INFO - encoder.RNNCell.0.dynGraph.start_FC.weight	torch.Size([64, 128])
2024-08-01 13:49:13,923 - __main__ - INFO - encoder.RNNCell.0.dynGraph.start_FC.bias	torch.Size([64])
2024-08-01 13:49:13,925 - __main__ - INFO - encoder.RNNCell.0.dynGraph.fc.0.weight	torch.Size([4, 64])
2024-08-01 13:49:13,927 - __main__ - INFO - encoder.RNNCell.0.dynGraph.fc.2.weight	torch.Size([64, 4])
2024-08-01 13:49:13,929 - __main__ - INFO - encoder.RNNCell.0.GCN_update1.weight	torch.Size([4])
2024-08-01 13:49:13,931 - __main__ - INFO - encoder.RNNCell.0.GCN_update1.mlp.mlp.weight	torch.Size([64, 384])
2024-08-01 13:49:13,933 - __main__ - INFO - encoder.RNNCell.0.GCN_update1.mlp.mlp.bias	torch.Size([64])
2024-08-01 13:49:13,935 - __main__ - INFO - encoder.RNNCell.0.GCN_update2.weight	torch.Size([4])
2024-08-01 13:49:13,937 - __main__ - INFO - encoder.RNNCell.0.GCN_update2.mlp.mlp.weight	torch.Size([64, 384])
2024-08-01 13:49:13,939 - __main__ - INFO - encoder.RNNCell.0.GCN_update2.mlp.mlp.bias	torch.Size([64])
2024-08-01 13:49:13,941 - __main__ - INFO - encoder.RNNCell.0.GCN_reset1.weight	torch.Size([4])
2024-08-01 13:49:13,943 - __main__ - INFO - encoder.RNNCell.0.GCN_reset1.mlp.mlp.weight	torch.Size([64, 384])
2024-08-01 13:49:13,945 - __main__ - INFO - encoder.RNNCell.0.GCN_reset1.mlp.mlp.bias	torch.Size([64])
2024-08-01 13:49:13,947 - __main__ - INFO - encoder.RNNCell.0.GCN_reset2.weight	torch.Size([4])
2024-08-01 13:49:13,949 - __main__ - INFO - encoder.RNNCell.0.GCN_reset2.mlp.mlp.weight	torch.Size([64, 384])
2024-08-01 13:49:13,950 - __main__ - INFO - encoder.RNNCell.0.GCN_reset2.mlp.mlp.bias	torch.Size([64])
2024-08-01 13:49:13,952 - __main__ - INFO - encoder.RNNCell.0.GCN_cell1.weight	torch.Size([4])
2024-08-01 13:49:13,954 - __main__ - INFO - encoder.RNNCell.0.GCN_cell1.mlp.mlp.weight	torch.Size([64, 384])
2024-08-01 13:49:13,956 - __main__ - INFO - encoder.RNNCell.0.GCN_cell1.mlp.mlp.bias	torch.Size([64])
2024-08-01 13:49:13,958 - __main__ - INFO - encoder.RNNCell.0.GCN_cell2.weight	torch.Size([4])
2024-08-01 13:49:13,960 - __main__ - INFO - encoder.RNNCell.0.GCN_cell2.mlp.mlp.weight	torch.Size([64, 384])
2024-08-01 13:49:13,962 - __main__ - INFO - encoder.RNNCell.0.GCN_cell2.mlp.mlp.bias	torch.Size([64])
2024-08-01 13:49:13,964 - __main__ - INFO - encoder.RNNCell.0.layerNorm.weight	torch.Size([64])
2024-08-01 13:49:13,966 - __main__ - INFO - encoder.RNNCell.0.layerNorm.bias	torch.Size([64])
2024-08-01 13:49:13,968 - __main__ - INFO - decoder.RNNCell.0.input_FC.weight	torch.Size([64, 61])
2024-08-01 13:49:13,970 - __main__ - INFO - decoder.RNNCell.0.input_FC.bias	torch.Size([64])
2024-08-01 13:49:13,972 - __main__ - INFO - decoder.RNNCell.0.fusion_x_time.weight	torch.Size([64, 64])
2024-08-01 13:49:13,974 - __main__ - INFO - decoder.RNNCell.0.fusion_x_time.bias	torch.Size([64])
2024-08-01 13:49:13,976 - __main__ - INFO - decoder.RNNCell.0.gate_FC1.weight	torch.Size([64, 64])
2024-08-01 13:49:13,978 - __main__ - INFO - decoder.RNNCell.0.gate_FC1.bias	torch.Size([64])
2024-08-01 13:49:13,980 - __main__ - INFO - decoder.RNNCell.0.info_FC1.weight	torch.Size([64, 64])
2024-08-01 13:49:13,981 - __main__ - INFO - decoder.RNNCell.0.info_FC1.bias	torch.Size([64])
2024-08-01 13:49:13,983 - __main__ - INFO - decoder.RNNCell.0.dynGraph.start_FC.weight	torch.Size([64, 128])
2024-08-01 13:49:13,985 - __main__ - INFO - decoder.RNNCell.0.dynGraph.start_FC.bias	torch.Size([64])
2024-08-01 13:49:13,987 - __main__ - INFO - decoder.RNNCell.0.dynGraph.fc.0.weight	torch.Size([4, 64])
2024-08-01 13:49:13,989 - __main__ - INFO - decoder.RNNCell.0.dynGraph.fc.2.weight	torch.Size([64, 4])
2024-08-01 13:49:13,991 - __main__ - INFO - decoder.RNNCell.0.GCN_update1.weight	torch.Size([4])
2024-08-01 13:49:13,993 - __main__ - INFO - decoder.RNNCell.0.GCN_update1.mlp.mlp.weight	torch.Size([64, 384])
2024-08-01 13:49:13,995 - __main__ - INFO - decoder.RNNCell.0.GCN_update1.mlp.mlp.bias	torch.Size([64])
2024-08-01 13:49:13,997 - __main__ - INFO - decoder.RNNCell.0.GCN_update2.weight	torch.Size([4])
2024-08-01 13:49:13,999 - __main__ - INFO - decoder.RNNCell.0.GCN_update2.mlp.mlp.weight	torch.Size([64, 384])
2024-08-01 13:49:14,001 - __main__ - INFO - decoder.RNNCell.0.GCN_update2.mlp.mlp.bias	torch.Size([64])
2024-08-01 13:49:14,003 - __main__ - INFO - decoder.RNNCell.0.GCN_reset1.weight	torch.Size([4])
2024-08-01 13:49:14,005 - __main__ - INFO - decoder.RNNCell.0.GCN_reset1.mlp.mlp.weight	torch.Size([64, 384])
2024-08-01 13:49:14,007 - __main__ - INFO - decoder.RNNCell.0.GCN_reset1.mlp.mlp.bias	torch.Size([64])
2024-08-01 13:49:14,009 - __main__ - INFO - decoder.RNNCell.0.GCN_reset2.weight	torch.Size([4])
2024-08-01 13:49:14,011 - __main__ - INFO - decoder.RNNCell.0.GCN_reset2.mlp.mlp.weight	torch.Size([64, 384])
2024-08-01 13:49:14,013 - __main__ - INFO - decoder.RNNCell.0.GCN_reset2.mlp.mlp.bias	torch.Size([64])
2024-08-01 13:49:14,015 - __main__ - INFO - decoder.RNNCell.0.GCN_cell1.weight	torch.Size([4])
2024-08-01 13:49:14,017 - __main__ - INFO - decoder.RNNCell.0.GCN_cell1.mlp.mlp.weight	torch.Size([64, 384])
2024-08-01 13:49:14,019 - __main__ - INFO - decoder.RNNCell.0.GCN_cell1.mlp.mlp.bias	torch.Size([64])
2024-08-01 13:49:14,020 - __main__ - INFO - decoder.RNNCell.0.GCN_cell2.weight	torch.Size([4])
2024-08-01 13:49:14,022 - __main__ - INFO - decoder.RNNCell.0.GCN_cell2.mlp.mlp.weight	torch.Size([64, 384])
2024-08-01 13:49:14,024 - __main__ - INFO - decoder.RNNCell.0.GCN_cell2.mlp.mlp.bias	torch.Size([64])
2024-08-01 13:49:14,026 - __main__ - INFO - decoder.RNNCell.0.layerNorm.weight	torch.Size([64])
2024-08-01 13:49:14,028 - __main__ - INFO - decoder.RNNCell.0.layerNorm.bias	torch.Size([64])
2024-08-01 13:49:14,030 - __main__ - INFO - decoder.fc_final.weight	torch.Size([2, 64])
2024-08-01 13:49:14,032 - __main__ - INFO - decoder.fc_final.bias	torch.Size([2])
2024-08-01 13:49:14,034 - __main__ - INFO - transform.FC_q.weight	torch.Size([64, 59])
2024-08-01 13:49:14,036 - __main__ - INFO - transform.FC_q.bias	torch.Size([64])
2024-08-01 13:49:14,038 - __main__ - INFO - transform.FC_k.weight	torch.Size([64, 177])
2024-08-01 13:49:14,040 - __main__ - INFO - transform.FC_k.bias	torch.Size([64])
2024-08-01 13:49:14,042 - __main__ - INFO - transform.FC_v.weight	torch.Size([64, 64])
2024-08-01 13:49:14,044 - __main__ - INFO - transform.FC_v.bias	torch.Size([64])
2024-08-01 13:49:14,046 - __main__ - INFO - transform.FC.weight	torch.Size([64, 128])
2024-08-01 13:49:14,048 - __main__ - INFO - transform.FC.bias	torch.Size([64])
2024-08-01 13:49:14,049 - __main__ - INFO - Net's total params:415282
2024-08-01 13:49:14,049 - __main__ - INFO - Optimizer's state_dict:
2024-08-01 13:49:14,050 - __main__ - INFO - state	{}
2024-08-01 13:49:14,050 - __main__ - INFO - param_groups	[{'lr': 0.001, 'betas': (0.9, 0.999), 'eps': 1e-08, 'weight_decay': 0.0001, 'amsgrad': False, 'maximize': False, 'foreach': None, 'capturable': False, 'differentiable': False, 'fused': None, 'initial_lr': 0.001, 'params': [0, 1, 2, 3, 4, 5, 6, 7, 8, 9, 10, 11, 12, 13, 14, 15, 16, 17, 18, 19, 20, 21, 22, 23, 24, 25, 26, 27, 28, 29, 30, 31, 32, 33, 34, 35, 36, 37, 38, 39, 40, 41, 42, 43, 44, 45, 46, 47, 48, 49, 50, 51, 52, 53, 54, 55, 56, 57, 58, 59, 60, 61, 62, 63, 64, 65, 66, 67, 68, 69, 70, 71, 72, 73, 74, 75, 76, 77, 78, 79, 80, 81, 82, 83, 84, 85, 86, 87, 88, 89]}]
2024-08-01 13:49:14,052 - __main__ - INFO - Number of model parameters is 415282
2024-08-01 13:49:14,052 - __main__ - INFO - Start testing phase.....
2024-08-01 13:49:41,016 - __main__ - INFO - Log directory: data/ckpt/BJ/STEGRN/30min/log
2024-08-01 13:49:41,029 - __main__ - INFO - {'expid': 1, 'runs': 2, 'dataset_name': 'all_data_r1_d1_w1_30min.npz', 'device': 'cuda:0', 'log_level': 'INFO', 'base_path': 'data/train_data/BJ', 'save': 'data/ckpt/BJ', 'model_name': 'STEGRN', 'data': {'cluster_num': 64, 'freq': '30min', 'name': 'bj_bike', 'num_for_predict': 6, 'num_for_target': 2, 'num_of_days': 1, 'num_of_hours': 1, 'num_of_weeks': 1, 'num_shift': 2, 'points_per_hour': 2, 'test_batch_size': 64, 'train_batch_size': 64, 'val_batch_size': 64}, 'model': {'adj': 'affinity', 'alpha': 1, 'dropout_prob': 0.0, 'dropout_type': 'zoneout', 'dyn_norm': 'D-1', 'fusion_mode': 'split', 'gcn_depth': 2, 'graph_type': 'geo_od_dyn', 'hidden_dim': 64, 'input_dim': 2, 'loss_type': 'Smooth', 'num_of_head': 1, 'output_dim': 2, 'time_dim': 59, 'use_transform': True}, 'preprocess': {'OD_affinity_file': 'OD_affinity.npy', 'datasets_file': 'all_data', 'geo_affinity_file': 'geo_affinity.npy', 'nyc_holidays': ['2021-05-01', '2021-05-02', '2021-05-03', '2021-05-04', '2021-06-03', '2021-06-04', '2021-06-05']}, 'train': {'base_lr': 0.001, 'best_mode': 'data/ckpt/BJ/BJ-model.pth', 'test_only': True, 'cl_decay_steps': 1000, 'epoch_start': 0, 'epochs': 200, 'global_step': 0, 'load_initial': False, 'lr_decay_ratio': 0.2, 'max_grad_norm': 5, 'milestones': [60, 120, 180, 200], 'min_learning_rate': 2e-06, 'new_training': True, 'print_every': 1, 'tolerance': 100, 'use_curriculum_learning': True, 'weight_decay': 0.0001}}
2024-08-01 13:49:41,029 - __main__ - INFO - data/train_data/BJ/all_data_r1_d1_w1_30min.npz
2024-08-01 13:49:41,029 - __main__ - INFO - data/ckpt/BJ/STEGRN/30min/log
2024-08-01 13:49:41,591 - __main__ - INFO - ('train x', (4362, 64, 18, 2))
2024-08-01 13:49:41,591 - __main__ - INFO - ('train target', (4362, 64, 2, 2))
2024-08-01 13:49:41,591 - __main__ - INFO - ('train x time', (4362, 18, 6))
2024-08-01 13:49:41,592 - __main__ - INFO - ('train target time', (4362, 2, 6))
2024-08-01 13:49:41,592 - __main__ - INFO - ('train pos', (4362, 4))
2024-08-01 13:49:41,592 - __main__ - INFO - 

2024-08-01 13:49:41,592 - __main__ - INFO - ('val x', (545, 64, 18, 2))
2024-08-01 13:49:41,592 - __main__ - INFO - ('val target', (545, 64, 2, 2))
2024-08-01 13:49:41,592 - __main__ - INFO - ('val x time', (545, 18, 6))
2024-08-01 13:49:41,593 - __main__ - INFO - ('val target time', (545, 2, 6))
2024-08-01 13:49:41,593 - __main__ - INFO - ('val pos', (545, 4))
2024-08-01 13:49:41,593 - __main__ - INFO - 

2024-08-01 13:49:41,593 - __main__ - INFO - ('test x', (545, 64, 18, 2))
2024-08-01 13:49:41,593 - __main__ - INFO - ('test target', (545, 64, 2, 2))
2024-08-01 13:49:41,594 - __main__ - INFO - ('test x time', (545, 18, 6))
2024-08-01 13:49:41,594 - __main__ - INFO - ('test target time', (545, 2, 6))
2024-08-01 13:49:41,594 - __main__ - INFO - ('test pos', (545, 4))
2024-08-01 13:49:41,594 - __main__ - INFO - 

2024-08-01 13:49:41,594 - __main__ - INFO - scaler.mean : 90.54989856764863, scaler.std : 143.57267603277353
2024-08-01 13:49:41,594 - __main__ - INFO - 

2024-08-01 13:49:41,595 - __main__ - INFO - time feature index : {'time': (0, 3), 'weather_numerical': (3, 6)}
2024-08-01 13:49:41,596 - __main__ - INFO - time weather data : [[Timestamp('2021-05-01 00:00:00') 5 0 ... -0.13878310472443348
  -3.3157922872053995 -0.7646244036924886]
 [Timestamp('2021-05-01 00:30:00') 5 1 ... -0.13878310472443348
  -3.41756948903783 -0.7646244036924886]
 [Timestamp('2021-05-01 01:00:00') 5 2 ... -0.13878310472443348
  -3.5193466908702606 -0.35891374678582444]
 ...
 [Timestamp('2021-08-31 22:30:00') 1 45 ... -0.13878310472443348
  -0.3133648331486997 -1.9817563744124813]
 [Timestamp('2021-08-31 23:00:00') 1 46 ... -0.13878310472443348
  -0.7713622413946369 -1.9817563744124813]
 [Timestamp('2021-08-31 23:30:00') 1 47 ... -0.13878310472443348
  -0.8222508423108522 -1.9817563744124813]]
2024-08-01 13:49:41,614 - __main__ - INFO - STEGRN
2024-08-01 13:49:42,951 - __main__ - INFO - loading data/ckpt/BJ/BJ-model.pth
2024-08-01 13:49:42,980 - __main__ - INFO - model load success! data/ckpt/BJ/BJ-model.pth
2024-08-01 13:49:42,980 - __main__ - INFO - Net's state_dict:
2024-08-01 13:49:42,982 - __main__ - INFO - encoder.RNNCell.0.week_x_FC.weight	torch.Size([64, 2])
2024-08-01 13:49:42,984 - __main__ - INFO - encoder.RNNCell.0.week_x_FC.bias	torch.Size([64])
2024-08-01 13:49:42,986 - __main__ - INFO - encoder.RNNCell.0.week_time_FC.weight	torch.Size([64, 59])
2024-08-01 13:49:42,988 - __main__ - INFO - encoder.RNNCell.0.week_time_FC.bias	torch.Size([64])
2024-08-01 13:49:42,990 - __main__ - INFO - encoder.RNNCell.0.week_FC.weight	torch.Size([64, 128])
2024-08-01 13:49:42,992 - __main__ - INFO - encoder.RNNCell.0.week_FC.bias	torch.Size([64])
2024-08-01 13:49:42,995 - __main__ - INFO - encoder.RNNCell.0.day_x_FC.weight	torch.Size([64, 2])
2024-08-01 13:49:42,999 - __main__ - INFO - encoder.RNNCell.0.day_x_FC.bias	torch.Size([64])
2024-08-01 13:49:43,001 - __main__ - INFO - encoder.RNNCell.0.day_time_FC.weight	torch.Size([64, 59])
2024-08-01 13:49:43,003 - __main__ - INFO - encoder.RNNCell.0.day_time_FC.bias	torch.Size([64])
2024-08-01 13:49:43,005 - __main__ - INFO - encoder.RNNCell.0.day_FC.weight	torch.Size([64, 128])
2024-08-01 13:49:43,007 - __main__ - INFO - encoder.RNNCell.0.day_FC.bias	torch.Size([64])
2024-08-01 13:49:43,009 - __main__ - INFO - encoder.RNNCell.0.hour_x_FC.weight	torch.Size([64, 2])
2024-08-01 13:49:43,011 - __main__ - INFO - encoder.RNNCell.0.hour_x_FC.bias	torch.Size([64])
2024-08-01 13:49:43,013 - __main__ - INFO - encoder.RNNCell.0.hour_time_FC.weight	torch.Size([64, 59])
2024-08-01 13:49:43,015 - __main__ - INFO - encoder.RNNCell.0.hour_time_FC.bias	torch.Size([64])
2024-08-01 13:49:43,017 - __main__ - INFO - encoder.RNNCell.0.hour_FC.weight	torch.Size([64, 128])
2024-08-01 13:49:43,019 - __main__ - INFO - encoder.RNNCell.0.hour_FC.bias	torch.Size([64])
2024-08-01 13:49:43,021 - __main__ - INFO - encoder.RNNCell.0.fusion_x_time2.weight	torch.Size([64, 192])
2024-08-01 13:49:43,023 - __main__ - INFO - encoder.RNNCell.0.fusion_x_time2.bias	torch.Size([64])
2024-08-01 13:49:43,025 - __main__ - INFO - encoder.RNNCell.0.gate_FC2.weight	torch.Size([64, 64])
2024-08-01 13:49:43,027 - __main__ - INFO - encoder.RNNCell.0.gate_FC2.bias	torch.Size([64])
2024-08-01 13:49:43,029 - __main__ - INFO - encoder.RNNCell.0.info_FC2.weight	torch.Size([64, 64])
2024-08-01 13:49:43,031 - __main__ - INFO - encoder.RNNCell.0.info_FC2.bias	torch.Size([64])
2024-08-01 13:49:43,033 - __main__ - INFO - encoder.RNNCell.0.dynGraph.start_FC.weight	torch.Size([64, 128])
2024-08-01 13:49:43,035 - __main__ - INFO - encoder.RNNCell.0.dynGraph.start_FC.bias	torch.Size([64])
2024-08-01 13:49:43,037 - __main__ - INFO - encoder.RNNCell.0.dynGraph.fc.0.weight	torch.Size([4, 64])
2024-08-01 13:49:43,039 - __main__ - INFO - encoder.RNNCell.0.dynGraph.fc.2.weight	torch.Size([64, 4])
2024-08-01 13:49:43,041 - __main__ - INFO - encoder.RNNCell.0.GCN_update1.weight	torch.Size([4])
2024-08-01 13:49:43,043 - __main__ - INFO - encoder.RNNCell.0.GCN_update1.mlp.mlp.weight	torch.Size([64, 384])
2024-08-01 13:49:43,045 - __main__ - INFO - encoder.RNNCell.0.GCN_update1.mlp.mlp.bias	torch.Size([64])
2024-08-01 13:49:43,047 - __main__ - INFO - encoder.RNNCell.0.GCN_update2.weight	torch.Size([4])
2024-08-01 13:49:43,049 - __main__ - INFO - encoder.RNNCell.0.GCN_update2.mlp.mlp.weight	torch.Size([64, 384])
2024-08-01 13:49:43,051 - __main__ - INFO - encoder.RNNCell.0.GCN_update2.mlp.mlp.bias	torch.Size([64])
2024-08-01 13:49:43,053 - __main__ - INFO - encoder.RNNCell.0.GCN_reset1.weight	torch.Size([4])
2024-08-01 13:49:43,055 - __main__ - INFO - encoder.RNNCell.0.GCN_reset1.mlp.mlp.weight	torch.Size([64, 384])
2024-08-01 13:49:43,057 - __main__ - INFO - encoder.RNNCell.0.GCN_reset1.mlp.mlp.bias	torch.Size([64])
2024-08-01 13:49:43,059 - __main__ - INFO - encoder.RNNCell.0.GCN_reset2.weight	torch.Size([4])
2024-08-01 13:49:43,061 - __main__ - INFO - encoder.RNNCell.0.GCN_reset2.mlp.mlp.weight	torch.Size([64, 384])
2024-08-01 13:49:43,063 - __main__ - INFO - encoder.RNNCell.0.GCN_reset2.mlp.mlp.bias	torch.Size([64])
2024-08-01 13:49:43,065 - __main__ - INFO - encoder.RNNCell.0.GCN_cell1.weight	torch.Size([4])
2024-08-01 13:49:43,067 - __main__ - INFO - encoder.RNNCell.0.GCN_cell1.mlp.mlp.weight	torch.Size([64, 384])
2024-08-01 13:49:43,069 - __main__ - INFO - encoder.RNNCell.0.GCN_cell1.mlp.mlp.bias	torch.Size([64])
2024-08-01 13:49:43,071 - __main__ - INFO - encoder.RNNCell.0.GCN_cell2.weight	torch.Size([4])
2024-08-01 13:49:43,073 - __main__ - INFO - encoder.RNNCell.0.GCN_cell2.mlp.mlp.weight	torch.Size([64, 384])
2024-08-01 13:49:43,075 - __main__ - INFO - encoder.RNNCell.0.GCN_cell2.mlp.mlp.bias	torch.Size([64])
2024-08-01 13:49:43,077 - __main__ - INFO - encoder.RNNCell.0.layerNorm.weight	torch.Size([64])
2024-08-01 13:49:43,079 - __main__ - INFO - encoder.RNNCell.0.layerNorm.bias	torch.Size([64])
2024-08-01 13:49:43,081 - __main__ - INFO - decoder.RNNCell.0.input_FC.weight	torch.Size([64, 61])
2024-08-01 13:49:43,083 - __main__ - INFO - decoder.RNNCell.0.input_FC.bias	torch.Size([64])
2024-08-01 13:49:43,085 - __main__ - INFO - decoder.RNNCell.0.fusion_x_time.weight	torch.Size([64, 64])
2024-08-01 13:49:43,087 - __main__ - INFO - decoder.RNNCell.0.fusion_x_time.bias	torch.Size([64])
2024-08-01 13:49:43,089 - __main__ - INFO - decoder.RNNCell.0.gate_FC1.weight	torch.Size([64, 64])
2024-08-01 13:49:43,091 - __main__ - INFO - decoder.RNNCell.0.gate_FC1.bias	torch.Size([64])
2024-08-01 13:49:43,093 - __main__ - INFO - decoder.RNNCell.0.info_FC1.weight	torch.Size([64, 64])
2024-08-01 13:49:43,095 - __main__ - INFO - decoder.RNNCell.0.info_FC1.bias	torch.Size([64])
2024-08-01 13:49:43,097 - __main__ - INFO - decoder.RNNCell.0.dynGraph.start_FC.weight	torch.Size([64, 128])
2024-08-01 13:49:43,099 - __main__ - INFO - decoder.RNNCell.0.dynGraph.start_FC.bias	torch.Size([64])
2024-08-01 13:49:43,101 - __main__ - INFO - decoder.RNNCell.0.dynGraph.fc.0.weight	torch.Size([4, 64])
2024-08-01 13:49:43,103 - __main__ - INFO - decoder.RNNCell.0.dynGraph.fc.2.weight	torch.Size([64, 4])
2024-08-01 13:49:43,105 - __main__ - INFO - decoder.RNNCell.0.GCN_update1.weight	torch.Size([4])
2024-08-01 13:49:43,107 - __main__ - INFO - decoder.RNNCell.0.GCN_update1.mlp.mlp.weight	torch.Size([64, 384])
2024-08-01 13:49:43,109 - __main__ - INFO - decoder.RNNCell.0.GCN_update1.mlp.mlp.bias	torch.Size([64])
2024-08-01 13:49:43,111 - __main__ - INFO - decoder.RNNCell.0.GCN_update2.weight	torch.Size([4])
2024-08-01 13:49:43,113 - __main__ - INFO - decoder.RNNCell.0.GCN_update2.mlp.mlp.weight	torch.Size([64, 384])
2024-08-01 13:49:43,115 - __main__ - INFO - decoder.RNNCell.0.GCN_update2.mlp.mlp.bias	torch.Size([64])
2024-08-01 13:49:43,117 - __main__ - INFO - decoder.RNNCell.0.GCN_reset1.weight	torch.Size([4])
2024-08-01 13:49:43,119 - __main__ - INFO - decoder.RNNCell.0.GCN_reset1.mlp.mlp.weight	torch.Size([64, 384])
2024-08-01 13:49:43,121 - __main__ - INFO - decoder.RNNCell.0.GCN_reset1.mlp.mlp.bias	torch.Size([64])
2024-08-01 13:49:43,123 - __main__ - INFO - decoder.RNNCell.0.GCN_reset2.weight	torch.Size([4])
2024-08-01 13:49:43,125 - __main__ - INFO - decoder.RNNCell.0.GCN_reset2.mlp.mlp.weight	torch.Size([64, 384])
2024-08-01 13:49:43,127 - __main__ - INFO - decoder.RNNCell.0.GCN_reset2.mlp.mlp.bias	torch.Size([64])
2024-08-01 13:49:43,129 - __main__ - INFO - decoder.RNNCell.0.GCN_cell1.weight	torch.Size([4])
2024-08-01 13:49:43,131 - __main__ - INFO - decoder.RNNCell.0.GCN_cell1.mlp.mlp.weight	torch.Size([64, 384])
2024-08-01 13:49:43,133 - __main__ - INFO - decoder.RNNCell.0.GCN_cell1.mlp.mlp.bias	torch.Size([64])
2024-08-01 13:49:43,135 - __main__ - INFO - decoder.RNNCell.0.GCN_cell2.weight	torch.Size([4])
2024-08-01 13:49:43,137 - __main__ - INFO - decoder.RNNCell.0.GCN_cell2.mlp.mlp.weight	torch.Size([64, 384])
2024-08-01 13:49:43,139 - __main__ - INFO - decoder.RNNCell.0.GCN_cell2.mlp.mlp.bias	torch.Size([64])
2024-08-01 13:49:43,141 - __main__ - INFO - decoder.RNNCell.0.layerNorm.weight	torch.Size([64])
2024-08-01 13:49:43,143 - __main__ - INFO - decoder.RNNCell.0.layerNorm.bias	torch.Size([64])
2024-08-01 13:49:43,145 - __main__ - INFO - decoder.fc_final.weight	torch.Size([2, 64])
2024-08-01 13:49:43,147 - __main__ - INFO - decoder.fc_final.bias	torch.Size([2])
2024-08-01 13:49:43,149 - __main__ - INFO - transform.FC_q.weight	torch.Size([64, 59])
2024-08-01 13:49:43,151 - __main__ - INFO - transform.FC_q.bias	torch.Size([64])
2024-08-01 13:49:43,153 - __main__ - INFO - transform.FC_k.weight	torch.Size([64, 177])
2024-08-01 13:49:43,155 - __main__ - INFO - transform.FC_k.bias	torch.Size([64])
2024-08-01 13:49:43,157 - __main__ - INFO - transform.FC_v.weight	torch.Size([64, 64])
2024-08-01 13:49:43,159 - __main__ - INFO - transform.FC_v.bias	torch.Size([64])
2024-08-01 13:49:43,161 - __main__ - INFO - transform.FC.weight	torch.Size([64, 128])
2024-08-01 13:49:43,164 - __main__ - INFO - transform.FC.bias	torch.Size([64])
2024-08-01 13:49:43,166 - __main__ - INFO - Net's total params:415282
2024-08-01 13:49:43,166 - __main__ - INFO - Optimizer's state_dict:
2024-08-01 13:49:43,167 - __main__ - INFO - state	{}
2024-08-01 13:49:43,167 - __main__ - INFO - param_groups	[{'lr': 0.001, 'betas': (0.9, 0.999), 'eps': 1e-08, 'weight_decay': 0.0001, 'amsgrad': False, 'maximize': False, 'foreach': None, 'capturable': False, 'differentiable': False, 'fused': None, 'initial_lr': 0.001, 'params': [0, 1, 2, 3, 4, 5, 6, 7, 8, 9, 10, 11, 12, 13, 14, 15, 16, 17, 18, 19, 20, 21, 22, 23, 24, 25, 26, 27, 28, 29, 30, 31, 32, 33, 34, 35, 36, 37, 38, 39, 40, 41, 42, 43, 44, 45, 46, 47, 48, 49, 50, 51, 52, 53, 54, 55, 56, 57, 58, 59, 60, 61, 62, 63, 64, 65, 66, 67, 68, 69, 70, 71, 72, 73, 74, 75, 76, 77, 78, 79, 80, 81, 82, 83, 84, 85, 86, 87, 88, 89]}]
2024-08-01 13:49:43,170 - __main__ - INFO - Number of model parameters is 415282
2024-08-01 13:49:43,171 - __main__ - INFO - Start testing phase.....
